  [1m[36m (2.8ms)[0m  [1mCREATE TABLE "schema_migrations" ("version" varchar NOT NULL) [0m
  [1m[35m (0.1ms)[0m  select sqlite_version(*)
  [1m[36m (1.1ms)[0m  [1mCREATE UNIQUE INDEX "unique_schema_migrations" ON "schema_migrations" ("version")[0m
  [1m[35mActiveRecord::SchemaMigration Load (0.1ms)[0m  SELECT "schema_migrations".* FROM "schema_migrations"
Migrating to CreateBooks (20141230064009)
  [1m[36m (0.1ms)[0m  [1mbegin transaction[0m
  [1m[35m (0.5ms)[0m  CREATE TABLE "books" ("id" INTEGER PRIMARY KEY AUTOINCREMENT NOT NULL, "title" varchar, "memo" text, "created_at" datetime NOT NULL, "updated_at" datetime NOT NULL) 
  [1m[36mSQL (0.2ms)[0m  [1mINSERT INTO "schema_migrations" ("version") VALUES (?)[0m  [["version", "20141230064009"]]
  [1m[35m (0.9ms)[0m  commit transaction
  [1m[36mActiveRecord::SchemaMigration Load (0.1ms)[0m  [1mSELECT "schema_migrations".* FROM "schema_migrations"[0m


Started GET "/books" for ::1 at 2014-12-30 15:41:25 +0900
  [1m[36mActiveRecord::SchemaMigration Load (0.2ms)[0m  [1mSELECT "schema_migrations".* FROM "schema_migrations"[0m
Processing by BooksController#index as HTML
  [1m[35mBook Load (0.2ms)[0m  SELECT "books".* FROM "books"
  Rendered books/index.html.erb within layouts/application (3.3ms)
Completed 200 OK in 1026ms (Views: 1013.7ms | ActiveRecord: 0.3ms)


Started GET "/assets/books-069e88c06b889877799890854d7f4c40.css?body=1" for ::1 at 2014-12-30 15:41:26 +0900


Started GET "/assets/scaffolds-46305d6b78219378cb6954098657236c.css?body=1" for ::1 at 2014-12-30 15:41:26 +0900


Started GET "/assets/application-8f24dac188f6b3e08a21845d224570c7.css?body=1" for ::1 at 2014-12-30 15:41:26 +0900


Started GET "/assets/books-8f6eecd1178ef85964369ec66d33c4f1.js?body=1" for ::1 at 2014-12-30 15:41:26 +0900


Started GET "/assets/jquery-eb3e278249152b5b5d5170b73d9dbf52.js?body=1" for ::1 at 2014-12-30 15:41:26 +0900


Started GET "/assets/jquery_ujs-0b8f09cf5aec4ba1be1abd9f915c77e2.js?body=1" for ::1 at 2014-12-30 15:41:26 +0900


Started GET "/assets/turbolinks-924184401b7d116eadaaefc96895fa84.js?body=1" for ::1 at 2014-12-30 15:41:26 +0900


Started GET "/assets/application-9d71a2f6dda6b569ca80f60714aabe8b.js?body=1" for ::1 at 2014-12-30 15:41:26 +0900


Started GET "/books/new" for ::1 at 2014-12-30 15:41:34 +0900
Processing by BooksController#new as HTML
  Rendered books/_form.html.erb (22.3ms)
  Rendered books/new.html.erb within layouts/application (31.9ms)
Completed 200 OK in 86ms (Views: 81.7ms | ActiveRecord: 0.3ms)


Started POST "/books" for ::1 at 2014-12-30 15:41:38 +0900
Processing by BooksController#create as HTML
  Parameters: {"utf8"=>"✓", "authenticity_token"=>"xTZNIjGuE/sVLHWYSAP9WbgppS5tLf0vTVk/OqL4H7KVV/IiMLYtaCs9ZQt1TQzUEAAB5y9HmR8JxN3ttbcziA==", "book"=>{"title"=>"a", "memo"=>"b"}, "commit"=>"Create Book"}
  [1m[36m (0.1ms)[0m  [1mbegin transaction[0m
  [1m[35mSQL (0.5ms)[0m  INSERT INTO "books" ("title", "memo", "created_at", "updated_at") VALUES (?, ?, ?, ?)  [["title", "a"], ["memo", "b"], ["created_at", "2014-12-30 06:41:38.098176"], ["updated_at", "2014-12-30 06:41:38.098176"]]
  [1m[36m (1.1ms)[0m  [1mcommit transaction[0m
Redirected to http://localhost:3000/books/1
Completed 302 Found in 8ms (ActiveRecord: 1.7ms)


Started GET "/books/1" for ::1 at 2014-12-30 15:41:38 +0900
Processing by BooksController#show as HTML
  Parameters: {"id"=>"1"}
  [1m[35mBook Load (0.2ms)[0m  SELECT  "books".* FROM "books" WHERE "books"."id" = ? LIMIT 1  [["id", 1]]
  Rendered books/show.html.erb within layouts/application (0.9ms)
Completed 200 OK in 59ms (Views: 49.9ms | ActiveRecord: 0.2ms)


Started GET "/books" for ::1 at 2014-12-30 15:41:39 +0900
Processing by BooksController#index as HTML
  [1m[36mBook Load (0.2ms)[0m  [1mSELECT "books".* FROM "books"[0m
  Rendered books/index.html.erb within layouts/application (2.1ms)
Completed 200 OK in 57ms (Views: 56.5ms | ActiveRecord: 0.2ms)


Started DELETE "/books/1" for ::1 at 2014-12-30 15:41:42 +0900
Processing by BooksController#destroy as HTML
  Parameters: {"authenticity_token"=>"4YgDrrpu47N4NrJwSYl9PuvjrvZUL3MXLyVgT3gQyBKx6byuu3bdIEYnouN0x4yzQ8oKPxZFFydruIKYb1/kKA==", "id"=>"1"}
  [1m[35mBook Load (0.1ms)[0m  SELECT  "books".* FROM "books" WHERE "books"."id" = ? LIMIT 1  [["id", 1]]
  [1m[36m (0.1ms)[0m  [1mbegin transaction[0m
  [1m[35mSQL (0.3ms)[0m  DELETE FROM "books" WHERE "books"."id" = ?  [["id", 1]]
  [1m[36m (1.7ms)[0m  [1mcommit transaction[0m
Redirected to http://localhost:3000/books
Completed 302 Found in 4ms (ActiveRecord: 2.2ms)


Started GET "/books" for ::1 at 2014-12-30 15:41:42 +0900
Processing by BooksController#index as HTML
  [1m[35mBook Load (0.2ms)[0m  SELECT "books".* FROM "books"
  Rendered books/index.html.erb within layouts/application (0.7ms)
Completed 200 OK in 63ms (Views: 62.8ms | ActiveRecord: 0.2ms)


Started GET "/" for ::1 at 2015-04-14 12:01:51 +0900
  [1m[36mActiveRecord::SchemaMigration Load (0.5ms)[0m  [1mSELECT "schema_migrations".* FROM "schema_migrations"[0m
Processing by Rails::WelcomeController#index as HTML
  Rendered /Users/igarashi/.rbenv/versions/2.2.2/lib/ruby/gems/2.2.0/gems/railties-4.2.1/lib/rails/templates/rails/welcome/index.html.erb (1.8ms)
Completed 200 OK in 18ms (Views: 9.5ms | ActiveRecord: 0.0ms)


Started GET "/" for ::1 at 2015-04-14 12:01:57 +0900
Processing by Rails::WelcomeController#index as HTML
  Rendered /Users/igarashi/.rbenv/versions/2.2.2/lib/ruby/gems/2.2.0/gems/railties-4.2.1/lib/rails/templates/rails/welcome/index.html.erb (0.0ms)
Completed 200 OK in 3ms (Views: 2.3ms | ActiveRecord: 0.0ms)


Started GET "/books/index" for ::1 at 2015-04-14 12:02:00 +0900
Processing by BooksController#show as HTML
  Parameters: {"id"=>"index"}
  [1m[35mBook Load (0.5ms)[0m  SELECT  "books".* FROM "books" WHERE "books"."id" = ? LIMIT 1  [["id", 0]]
Completed 404 Not Found in 11ms (ActiveRecord: 0.8ms)

ActiveRecord::RecordNotFound (Couldn't find Book with 'id'=index):
  app/controllers/books_controller.rb:67:in `set_book'


  Rendered /Users/igarashi/.rbenv/versions/2.2.2/lib/ruby/gems/2.2.0/gems/actionpack-4.2.1/lib/action_dispatch/middleware/templates/rescues/_source.erb (4.9ms)
  Rendered /Users/igarashi/.rbenv/versions/2.2.2/lib/ruby/gems/2.2.0/gems/actionpack-4.2.1/lib/action_dispatch/middleware/templates/rescues/_trace.html.erb (2.2ms)
  Rendered /Users/igarashi/.rbenv/versions/2.2.2/lib/ruby/gems/2.2.0/gems/actionpack-4.2.1/lib/action_dispatch/middleware/templates/rescues/_request_and_response.html.erb (1.1ms)
  Rendered /Users/igarashi/.rbenv/versions/2.2.2/lib/ruby/gems/2.2.0/gems/actionpack-4.2.1/lib/action_dispatch/middleware/templates/rescues/diagnostics.html.erb within rescues/layout (72.9ms)
  Rendered /Users/igarashi/.rbenv/versions/2.2.2/lib/ruby/gems/2.2.0/gems/web-console-2.1.2/lib/web_console/templates/_markup.html.erb (0.5ms)
  Rendered /Users/igarashi/.rbenv/versions/2.2.2/lib/ruby/gems/2.2.0/gems/web-console-2.1.2/lib/web_console/templates/style.css.erb within layouts/inlined_string (0.4ms)
  Rendered /Users/igarashi/.rbenv/versions/2.2.2/lib/ruby/gems/2.2.0/gems/web-console-2.1.2/lib/web_console/templates/_inner_console_markup.html.erb within layouts/inlined_string (0.6ms)
  Rendered /Users/igarashi/.rbenv/versions/2.2.2/lib/ruby/gems/2.2.0/gems/web-console-2.1.2/lib/web_console/templates/_prompt_box_markup.html.erb within layouts/inlined_string (0.4ms)
  Rendered /Users/igarashi/.rbenv/versions/2.2.2/lib/ruby/gems/2.2.0/gems/web-console-2.1.2/lib/web_console/templates/console.js.erb within layouts/javascript (64.7ms)
  Rendered /Users/igarashi/.rbenv/versions/2.2.2/lib/ruby/gems/2.2.0/gems/web-console-2.1.2/lib/web_console/templates/main.js.erb within layouts/javascript (0.4ms)
  Rendered /Users/igarashi/.rbenv/versions/2.2.2/lib/ruby/gems/2.2.0/gems/web-console-2.1.2/lib/web_console/templates/error_page.js.erb within layouts/javascript (0.5ms)
  Rendered /Users/igarashi/.rbenv/versions/2.2.2/lib/ruby/gems/2.2.0/gems/web-console-2.1.2/lib/web_console/templates/index.html.erb (149.5ms)


Started GET "/books/" for ::1 at 2015-04-14 12:02:58 +0900
Processing by BooksController#index as HTML
  [1m[36mBook Load (0.1ms)[0m  [1mSELECT "books".* FROM "books"[0m
  Rendered books/index.html.erb within layouts/application (1.3ms)
Completed 200 OK in 1715ms (Views: 1714.4ms | ActiveRecord: 0.1ms)


Started GET "/assets/books.self-e3b0c44298fc1c149afbf4c8996fb92427ae41e4649b934ca495991b7852b855.css?body=1" for ::1 at 2015-04-14 12:03:00 +0900


Started GET "/assets/scaffolds.self-846b9454ed3e87211596f7292abac511230cb9db28e4993379acca68b6918363.css?body=1" for 127.0.0.1 at 2015-04-14 12:03:00 +0900


Started GET "/assets/application.self-e80e8f2318043e8af94dddc2adad5a4f09739a8ebb323b3ab31cd71d45fd9113.css?body=1" for ::1 at 2015-04-14 12:03:00 +0900


Started GET "/assets/jquery_ujs.self-8e98a7a072a6cee1372d19fff9ff3e6aa1e39a37d89d6f06861637d061113ee7.js?body=1" for ::1 at 2015-04-14 12:03:00 +0900


Started GET "/assets/jquery.self-d03a5518f45df77341bdbe6201ba3bfa547ebba8ed64f0ea56bfa5f96ea7c074.js?body=1" for ::1 at 2015-04-14 12:03:00 +0900


Started GET "/assets/turbolinks.self-c37727e9bd6b2735da5c311aa83fead54ed0be6cc8bd9a65309e9c5abe2cbfff.js?body=1" for ::1 at 2015-04-14 12:03:00 +0900


Started GET "/assets/books.self-877aef30ae1b040ab8a3aba4e3e309a11d7f2612f44dde450b5c157aa5f95c05.js?body=1" for ::1 at 2015-04-14 12:03:00 +0900


Started GET "/assets/application.self-3a3c8b61bda630ee689740ce7cbd0dd8ea6fdd45e2c42eef4661ab38cf268afe.js?body=1" for 127.0.0.1 at 2015-04-14 12:03:00 +0900
